[ERROR] [2022-02-07 08:40:39,668] Đã log dc infor rồi nha
[INFO ] [2022-02-07 08:40:39,668] Đã log dc infor rồi nha 2
[ERROR] [2022-02-07 09:57:21,643] Đã log dc infor rồi nha
[INFO ] [2022-02-07 09:57:21,643] Đã log dc infor rồi nha 2
[ERROR] [2022-02-07 16:16:57,065] Đã log dc infor rồi nha
[INFO ] [2022-02-07 16:16:57,065] Đã log dc infor rồi nha 2
[INFO ] [2022-02-07 16:19:22,893] open  'CHROME' browser
[ERROR] [2022-02-07 16:19:30,723] Đã log dc infor rồi nha
[INFO ] [2022-02-07 16:19:30,724] Đã log dc infor rồi nha 2
[INFO ] [2022-02-07 17:13:17,980] open  'CHROME' browser
[INFO ] [2022-02-07 17:13:24,820] TC_01 - Step_01 : Validate email text box is displayed
[INFO ] [2022-02-07 17:13:24,946] TC_01 - Step_02 : Validate password text box is displayed
[INFO ] [2022-02-07 17:13:25,026] TC_02 - Step_01 : SendKey to Email text box
[INFO ] [2022-02-07 17:13:25,102] TC_01 - Step_02 : SendKey to password text box 
[INFO ] [2022-02-08 09:43:23,759] open  'CHROME' browser
[INFO ] [2022-02-08 09:43:31,435] TC_01 - Step_01 : Validate email text box is displayed
[INFO ] [2022-02-08 09:43:31,532] TC_01 - Step_02 : Validate password text box is displayed
[INFO ] [2022-02-08 09:43:31,604] TC_02 - Step_01 : SendKey to Email text box
[INFO ] [2022-02-08 09:43:31,676] TC_01 - Step_02 : SendKey to password text box 
[INFO ] [2022-02-08 09:54:32,033] open  'CHROME' browser
[INFO ] [2022-02-08 09:54:38,657] TC_01 - Step_01 : Validate email text box is displayed
[INFO ] [2022-02-08 09:54:38,780] TC_01 - Step_02 : Validate password text box is displayed
[INFO ] [2022-02-08 09:56:10,081] open  'CHROME' browser
[INFO ] [2022-02-08 09:56:20,343] TC_01 - Step_01 : Validate email text box is displayed
[INFO ] [2022-02-08 09:56:20,430] TC_01 - Step_02 : Validate password text box is displayed
[INFO ] [2022-02-08 09:56:38,414] open  'CHROME' browser
[INFO ] [2022-02-08 09:56:43,483] TC_01 - Step_01 : Validate email text box is displayed
[INFO ] [2022-02-08 09:56:43,599] TC_01 - Step_02 : Validate password text box is displayed
[INFO ] [2022-02-08 10:11:05,851] open  'CHROME' browser
[INFO ] [2022-02-08 10:11:11,469] TC_01 - Step_01 : Validate email text box is displayed
[INFO ] [2022-02-08 10:11:11,583] TC_01 - Step_02 : Validate password text box is displayed
[INFO ] [2022-02-08 10:11:11,660] TC_02 - Step_01 : SendKey to Email text box
[INFO ] [2022-02-08 10:11:11,732] TC_01 - Step_02 : SendKey to password text box 
[INFO ] [2022-02-08 11:15:30,657] open  'CHROME' browser
[INFO ] [2022-02-08 11:15:39,675] TC_01 - Step_01 : Validate email text box is displayed
[INFO ] [2022-02-08 11:15:39,779] TC_01 - Step_02 : Validate password text box is displayed
[INFO ] [2022-02-08 11:15:39,850] TC_02 - Step_01 : SendKey to Email text box
[INFO ] [2022-02-08 11:15:39,923] TC_01 - Step_02 : SendKey to password text box 
[INFO ] [2022-02-08 11:16:39,041] open  'CHROME' browser
[INFO ] [2022-02-08 11:16:45,586] TC_01 - Step_01 : Validate email text box is displayed
[INFO ] [2022-02-08 11:16:45,690] TC_01 - Step_02 : Validate password text box is displayed
[INFO ] [2022-02-08 11:16:45,770] TC_02 - Step_01 : SendKey to Email text box
[INFO ] [2022-02-08 11:16:45,846] TC_01 - Step_02 : SendKey to password text box 
[INFO ] [2022-02-08 11:19:56,064] open  'CHROME' browser
[INFO ] [2022-02-08 11:20:03,362] TC_01 - Step_01 : Validate email text box is displayed
[INFO ] [2022-02-08 11:20:03,470] TC_01 - Step_02 : Validate password text box is displayed
[INFO ] [2022-02-08 11:20:03,546] TC_02 - Step_01 : SendKey to Email text box
[INFO ] [2022-02-08 11:20:03,613] TC_01 - Step_02 : SendKey to password text box 
[INFO ] [2022-02-08 11:21:21,624] open  'CHROME' browser
[INFO ] [2022-02-08 11:21:29,069] TC_01 - Step_01 : Validate email text box is displayed
[INFO ] [2022-02-08 11:21:29,182] TC_01 - Step_02 : Validate password text box is displayed
[INFO ] [2022-02-08 11:22:48,767] open  'CHROME' browser
[INFO ] [2022-02-08 11:22:53,949] TC_01 - Step_01 : Validate email text box is displayed
[INFO ] [2022-02-08 11:22:54,058] TC_01 - Step_02 : Validate password text box is displayed
[INFO ] [2022-02-08 11:27:11,335] open  'CHROME' browser
[INFO ] [2022-02-08 11:27:21,168] TC_01 - Step_01 : Validate email text box is displayed
[INFO ] [2022-02-08 11:27:21,265] TC_01 - Step_02 : Validate password text box is displayed
[INFO ] [2022-02-08 11:27:21,342] TC_02 - Step_01 : SendKey to Email text box
[INFO ] [2022-02-08 11:27:21,414] TC_01 - Step_02 : SendKey to password text box 
[INFO ] [2022-02-08 11:29:30,348] open  'CHROME' browser
[INFO ] [2022-02-08 11:29:36,623] TC_01 - Step_01 : Validate email text box is displayed
[INFO ] [2022-02-08 11:29:36,734] TC_01 - Step_02 : Validate password text box is displayed
[INFO ] [2022-02-08 11:35:23,484] open  'CHROME' browser
[INFO ] [2022-02-08 11:35:28,965] TC_01 - Step_01 : Validate email text box is displayed
[INFO ] [2022-02-08 11:35:29,069] TC_01 - Step_02 : Validate password text box is displayed
[INFO ] [2022-02-08 11:36:28,597] open  'CHROME' browser
[INFO ] [2022-02-08 11:36:36,226] TC_01 - Step_01 : Validate email text box is displayed
[INFO ] [2022-02-08 11:36:36,325] TC_01 - Step_02 : Validate password text box is displayed
[INFO ] [2022-02-08 11:37:43,648] open  'CHROME' browser
[INFO ] [2022-02-08 11:37:50,596] TC_01 - Step_01 : Validate email text box is displayed
[INFO ] [2022-02-08 11:37:50,684] TC_01 - Step_02 : Validate password text box is displayed
[INFO ] [2022-02-08 11:40:31,517] open  'CHROME' browser
[INFO ] [2022-02-08 11:40:39,073] TC_01 - Step_01 : Validate email text box is displayed
[INFO ] [2022-02-08 11:40:39,181] TC_01 - Step_02 : Validate password text box is displayed
[INFO ] [2022-02-08 11:42:53,651] open  'CHROME' browser
[INFO ] [2022-02-08 11:43:01,434] TC_01 - Step_01 : Validate email text box is displayed
[INFO ] [2022-02-08 11:43:01,553] TC_01 - Step_02 : Validate password text box is displayed
[INFO ] [2022-02-08 11:47:25,378] open  'CHROME' browser
[INFO ] [2022-02-08 11:47:44,632] TC_01 - Step_01 : Validate email text box is displayed
[INFO ] [2022-02-08 11:47:44,738] TC_01 - Step_02 : Validate password text box is displayed
[INFO ] [2022-02-08 13:58:34,755] open  'CHROME' browser
[INFO ] [2022-02-08 13:58:42,411] TC_01 - Step_01 : Validate email text box is displayed
[INFO ] [2022-02-08 13:58:42,520] TC_01 - Step_02 : Validate password text box is displayed
[INFO ] [2022-02-08 13:58:42,593] TC_02 - Step_01 : SendKey to Email text box
[INFO ] [2022-02-08 13:58:42,678] TC_01 - Step_02 : SendKey to password text box 
[INFO ] [2022-02-08 14:07:58,597] open  'CHROME' browser
[INFO ] [2022-02-08 14:08:04,378] TC_01 - Step_01 : Validate email text box is displayed
[INFO ] [2022-02-08 14:08:04,476] TC_01 - Step_02 : Validate password text box is displayed
[INFO ] [2022-02-08 14:08:04,551] TC_02 - Step_01 : SendKey to Email text box
[INFO ] [2022-02-08 14:08:04,621] TC_01 - Step_02 : SendKey to password text box 
[INFO ] [2022-02-08 14:23:49,002] open  'CHROME' browser
[INFO ] [2022-02-08 14:23:54,974] TC_01 - Step_01 : Validate email text box is displayed
[INFO ] [2022-02-08 14:23:55,069] TC_01 - Step_02 : Validate password text box is displayed
[INFO ] [2022-02-08 14:24:59,582] open  'CHROME' browser
[INFO ] [2022-02-08 14:25:06,281] TC_01 - Step_01 : Validate email text box is displayed
[INFO ] [2022-02-08 14:25:06,382] TC_01 - Step_02 : Validate password text box is displayed
[INFO ] [2022-02-08 14:30:35,668] open  'CHROME' browser
[INFO ] [2022-02-08 14:30:45,717] TC_01 - Step_01 : Validate email text box is displayed
[INFO ] [2022-02-08 14:30:45,826] TC_01 - Step_02 : Validate password text box is displayed
[INFO ] [2022-02-08 14:32:34,700] open  'CHROME' browser
[INFO ] [2022-02-08 14:32:40,593] TC_01 - Step_01 : Validate email text box is displayed
[INFO ] [2022-02-08 14:32:40,703] TC_01 - Step_02 : Validate password text box is displayed
[INFO ] [2022-02-08 14:33:23,143] open  'CHROME' browser
[INFO ] [2022-02-08 14:33:28,226] TC_01 - Step_01 : Validate email text box is displayed
[INFO ] [2022-02-08 14:33:28,322] TC_01 - Step_02 : Validate password text box is displayed
[INFO ] [2022-02-08 14:34:00,206] open  'CHROME' browser
[INFO ] [2022-02-08 14:34:06,329] TC_01 - Step_01 : Validate email text box is displayed
[INFO ] [2022-02-08 14:34:06,429] TC_01 - Step_02 : Validate password text box is displayed
[INFO ] [2022-02-08 14:34:06,516] TC_02 - Step_01 : SendKey to Email text box
[INFO ] [2022-02-08 14:34:06,596] TC_01 - Step_02 : SendKey to password text box 
[INFO ] [2022-02-08 14:35:27,188] open  'CHROME' browser
[INFO ] [2022-02-08 14:35:51,478] TC_01 - Step_01 : Validate email text box is displayed
[INFO ] [2022-02-08 14:35:51,574] TC_01 - Step_02 : Validate password text box is displayed
[INFO ] [2022-02-08 14:38:28,332] open  'CHROME' browser
[INFO ] [2022-02-08 14:38:49,633] TC_01 - Step_01 : Validate email text box is displayed
[INFO ] [2022-02-08 14:38:49,726] TC_01 - Step_02 : Validate password text box is displayed
[INFO ] [2022-02-08 14:38:50,960] TC_02 - Step_01 : SendKey to Email text box
[INFO ] [2022-02-08 14:38:51,030] TC_01 - Step_02 : SendKey to password text box 
[INFO ] [2022-02-08 14:40:33,869] open  'CHROME' browser
[INFO ] [2022-02-08 14:40:40,506] TC_01 - Step_01 : Validate email text box is displayed
[INFO ] [2022-02-08 14:40:40,609] TC_01 - Step_02 : Validate password text box is displayed
[INFO ] [2022-02-08 14:40:40,841] TC_02 - Step_01 : SendKey to Email text box
[INFO ] [2022-02-08 14:40:40,922] TC_01 - Step_02 : SendKey to password text box 
[INFO ] [2022-02-08 14:41:21,439] open  'CHROME' browser
[INFO ] [2022-02-08 14:41:27,618] TC_01 - Step_01 : Validate email text box is displayed
[INFO ] [2022-02-08 14:41:27,733] TC_01 - Step_02 : Validate password text box is displayed
[INFO ] [2022-02-08 14:41:27,971] TC_02 - Step_01 : SendKey to Email text box
[INFO ] [2022-02-08 14:41:28,045] TC_01 - Step_02 : SendKey to password text box 
[INFO ] [2022-02-08 14:42:12,956] open  'CHROME' browser
[INFO ] [2022-02-08 14:42:19,184] TC_01 - Step_01 : Validate email text box is displayed
[INFO ] [2022-02-08 14:42:19,281] TC_01 - Step_02 : Validate password text box is displayed
[INFO ] [2022-02-08 14:42:19,508] TC_02 - Step_01 : SendKey to Email text box
[INFO ] [2022-02-08 14:42:19,576] TC_01 - Step_02 : SendKey to password text box 
[INFO ] [2022-02-08 14:52:15,084] open  'CHROME' browser
[INFO ] [2022-02-08 14:52:21,507] TC_01 - Step_01 : Validate email text box is displayed
[INFO ] [2022-02-08 14:52:21,603] TC_01 - Step_02 : Validate password text box is displayed
[INFO ] [2022-02-08 15:00:26,219] open  'CHROME' browser
[INFO ] [2022-02-08 15:00:34,244] TC_01 - Step_01 : Validate email text box is displayed
[INFO ] [2022-02-08 15:00:34,340] TC_01 - Step_02 : Validate password text box is displayed
[INFO ] [2022-02-08 15:02:32,945] open  'CHROME' browser
[INFO ] [2022-02-08 15:02:39,867] TC_01 - Step_01 : Validate email text box is displayed
[INFO ] [2022-02-08 15:02:39,967] TC_01 - Step_02 : Validate password text box is displayed
[INFO ] [2022-02-08 15:02:40,199] TC_02 - Step_01 : SendKey to Email text box
[INFO ] [2022-02-08 15:02:40,262] TC_01 - Step_02 : SendKey to password text box 
[INFO ] [2022-02-08 15:14:46,781] open  'CHROME' browser
[INFO ] [2022-02-08 15:14:53,055] TC_01 - Step_01 : Validate email text box is displayed
[INFO ] [2022-02-08 15:14:53,176] TC_01 - Step_02 : Validate password text box is displayed
[INFO ] [2022-02-08 17:20:04,972] open  'CHROME' browser
[INFO ] [2022-02-08 17:20:13,983] TC_01 - Step_01 : Validate email text box is displayed
[INFO ] [2022-02-08 17:20:14,068] TC_01 - Step_02 : Validate password text box is displayed
[INFO ] [2022-02-08 17:20:14,438] TC_02 - Step_01 : SendKey to Email text box
[INFO ] [2022-02-08 17:20:14,527] TC_01 - Step_02 : SendKey to password text box 
[INFO ] [2022-02-08 17:22:07,839] open  'CHROME' browser
[INFO ] [2022-02-08 17:22:14,143] TC_01 - Step_01 : Validate email text box is displayed
[INFO ] [2022-02-08 17:22:14,239] TC_01 - Step_02 : Validate password text box is displayed
[INFO ] [2022-02-08 17:22:14,596] TC_02 - Step_01 : SendKey to Email text box
[INFO ] [2022-02-08 17:22:14,673] TC_01 - Step_02 : SendKey to password text box 
[INFO ] [2022-02-09 08:41:01,414] open  'CHROME' browser
[INFO ] [2022-02-09 08:41:11,341] TC_01 - Step_01 : Validate email text box is displayed
[INFO ] [2022-02-09 08:41:11,435] TC_01 - Step_02 : Validate password text box is displayed
[INFO ] [2022-02-09 08:41:11,822] TC_02 - Step_01 : SendKey to Email text box
[INFO ] [2022-02-09 08:41:11,903] TC_01 - Step_02 : SendKey to password text box 
[INFO ] [2022-02-09 08:42:23,931] open  'CHROME' browser
[INFO ] [2022-02-09 08:42:30,545] TC_01 - Step_01 : Validate email text box is displayed
[INFO ] [2022-02-09 08:42:30,618] TC_01 - Step_02 : Validate password text box is displayed
[INFO ] [2022-02-09 08:42:30,952] TC_02 - Step_01 : SendKey to Email text box
[INFO ] [2022-02-09 08:42:31,025] TC_01 - Step_02 : SendKey to password text box 
[INFO ] [2022-02-09 09:11:42,612] open  'CHROME' browser
[INFO ] [2022-02-09 09:11:51,617] TC_01 - Step_01 : Validate email text box is displayed
[INFO ] [2022-02-09 09:11:51,729] TC_01 - Step_02 : Validate password text box is displayed
[INFO ] [2022-02-09 09:11:52,068] TC_02 - Step_01 : SendKey to Email text box
[INFO ] [2022-02-09 09:11:52,146] TC_01 - Step_02 : SendKey to password text box 
[INFO ] [2022-02-09 09:30:21,098] open  'CHROME' browser
[INFO ] [2022-02-09 09:30:27,817] TC_01 - Step_01 : Validate email text box is displayed
[INFO ] [2022-02-09 09:30:27,919] TC_01 - Step_02 : Validate password text box is displayed
[INFO ] [2022-02-09 09:30:28,252] TC_02 - Step_01 : SendKey to Email text box
[INFO ] [2022-02-09 09:30:28,320] TC_02 - Step_02 : SendKey to password text box 
[INFO ] [2022-02-09 11:03:04,966] open  'CHROME' browser
[INFO ] [2022-02-09 11:03:09,792] TC_01 - Step_01 : Click to Register link at header
[INFO ] [2022-02-09 11:03:11,240] TC_01 - Step_02 : Enter FirstName
[INFO ] [2022-02-09 11:13:45,447] open  'CHROME' browser
[INFO ] [2022-02-09 11:13:49,401] TC_01 - Step_01 : Click to Register link at header
[INFO ] [2022-02-09 11:13:50,898] TC_01 - Step_02 : Enter FirstName
[INFO ] [2022-02-09 11:15:14,912] open  'CHROME' browser
[INFO ] [2022-02-09 11:15:18,970] TC_01 - Step_01 : Click to Register link at header
[INFO ] [2022-02-09 11:15:19,816] TC_01 - Step_02 : Enter FirstName
[INFO ] [2022-02-09 11:15:20,007] TC_01 - Step_02 : Enter LastName
[INFO ] [2022-02-09 11:15:20,207] TC_01 - Step_02 : Enter Email
[INFO ] [2022-02-09 11:15:20,382] TC_01 - Step_02 : Enter Password
[INFO ] [2022-02-09 11:15:20,545] TC_01 - Step_02 : Enter Confirm Password
[INFO ] [2022-02-09 11:15:20,761] TC_01 - Step_02 : Click to REGISTER button
[INFO ] [2022-02-09 11:15:20,896] TC_01 - Step_02 : Verify Success Message Displayed
[INFO ] [2022-02-09 11:15:20,897]  -------------------------- PASSED -------------------------- 
[INFO ] [2022-02-09 11:16:16,549] open  'CHROME' browser
[INFO ] [2022-02-09 11:16:20,821] TC_01 - Step_01 : Click to Register link at header
[INFO ] [2022-02-09 11:16:22,251] TC_01 - Step_02 : Enter FirstName
[INFO ] [2022-02-09 11:16:22,479] TC_01 - Step_02 : Enter LastName
[INFO ] [2022-02-09 11:16:22,682] TC_01 - Step_02 : Enter Email
[INFO ] [2022-02-09 11:16:22,873] TC_01 - Step_02 : Enter Password
[INFO ] [2022-02-09 11:16:23,056] TC_01 - Step_02 : Enter Confirm Password
[INFO ] [2022-02-09 11:16:23,230] TC_01 - Step_02 : Click to REGISTER button
[INFO ] [2022-02-09 11:16:25,325] TC_01 - Step_02 : Verify Success Message Displayed
[INFO ] [2022-02-09 11:16:25,325]  -------------------------- PASSED -------------------------- 
[INFO ] [2022-02-09 13:10:20,377] open  'CHROME' browser
[INFO ] [2022-02-09 13:10:24,603] TC_01 - Step_01 : Click to Register link at header
[INFO ] [2022-02-09 13:10:40,030] TC_02 - Step_01 : logout to HomePage 
[INFO ] [2022-02-09 13:10:48,942] open  'CHROME' browser
[INFO ] [2022-02-09 13:10:52,771] TC_01 - Step_01 : Click to Register link at header
[INFO ] [2022-02-09 13:10:54,593] TC_01 - Step_02 : Enter FirstName
[INFO ] [2022-02-09 13:10:54,790] TC_01 - Step_03 : Enter LastName
[INFO ] [2022-02-09 13:10:54,962] TC_01 - Step_04 : Enter Email
[INFO ] [2022-02-09 13:10:55,154] TC_01 - Step_05 : Enter Password
[INFO ] [2022-02-09 13:10:55,339] TC_01 - Step_06 : Enter Confirm Password
[INFO ] [2022-02-09 13:10:55,512] TC_01 - Step_07 : Click to REGISTER button
[INFO ] [2022-02-09 13:10:58,142] TC_01 - Step_08 : Verify Success Message Displayed
[INFO ] [2022-02-09 13:10:58,257]  -------------------------- PASSED -------------------------- 
[INFO ] [2022-02-09 13:10:58,263] TC_02 - Step_01 : logout to HomePage 
[INFO ] [2022-02-09 13:10:59,971] TC_02 - Step_02 : click To Login Link  
[INFO ] [2022-02-09 13:11:00,754] TC_02 - Step_03 : Enter to Email 
[INFO ] [2022-02-09 13:11:00,944] TC_02 - Step_04 : Enter to Password 
[INFO ] [2022-02-09 13:11:01,118] TC_02 - Step_04 : Click to Login Button 
